CRITICAL - 2024-11-13 16:44:35 --> Error: Class "campuswave\Common\Controllers\BaseController" not found
[Method: GET, Route: /]
in FCPATH\campuswave\Common\Controllers\HomeController.php on line 6.
 1 SYSTEMPATH\Autoloader\Autoloader.php(317): include_once()
 2 SYSTEMPATH\Autoloader\Autoloader.php(296): CodeIgniter\Autoloader\Autoloader->includeFile('C:\\xampp\\htdocs\\campuswave\\campuswave\\Common\\Controllers\\HomeController.php')
 3 SYSTEMPATH\Autoloader\Autoloader.php(272): CodeIgniter\Autoloader\Autoloader->loadInNamespace('Modules\\Common\\Controllers\\HomeController')
 4 [internal function]: CodeIgniter\Autoloader\Autoloader->loadClass('Modules\\Common\\Controllers\\HomeController')
 5 SYSTEMPATH\CodeIgniter.php(887): class_exists('\\Modules\\Common\\Controllers\\HomeController', true)
 6 SYSTEMPATH\CodeIgniter.php(496): CodeIgniter\CodeIgniter->startController()
 7 SYSTEMPATH\CodeIgniter.php(355): CodeIgniter\CodeIgniter->handleRequest(null, Object(Config\Cache), false)
 8 SYSTEMPATH\Boot.php(325): CodeIgniter\CodeIgniter->run()
 9 SYSTEMPATH\Boot.php(67): CodeIgniter\Boot::runCodeIgniter(Object(CodeIgniter\CodeIgniter))
10 FCPATH\index.php(56): CodeIgniter\Boot::bootWeb(Object(Config\Paths))
CRITICAL - 2024-11-13 16:44:43 --> Error: Class "campuswave\Common\Controllers\BaseController" not found
[Method: GET, Route: /]
in FCPATH\campuswave\Common\Controllers\HomeController.php on line 6.
 1 SYSTEMPATH\Autoloader\Autoloader.php(317): include_once()
 2 SYSTEMPATH\Autoloader\Autoloader.php(296): CodeIgniter\Autoloader\Autoloader->includeFile('C:\\xampp\\htdocs\\campuswave\\campuswave\\Common\\Controllers\\HomeController.php')
 3 SYSTEMPATH\Autoloader\Autoloader.php(272): CodeIgniter\Autoloader\Autoloader->loadInNamespace('Modules\\Common\\Controllers\\HomeController')
 4 [internal function]: CodeIgniter\Autoloader\Autoloader->loadClass('Modules\\Common\\Controllers\\HomeController')
 5 SYSTEMPATH\CodeIgniter.php(887): class_exists('\\Modules\\Common\\Controllers\\HomeController', true)
 6 SYSTEMPATH\CodeIgniter.php(496): CodeIgniter\CodeIgniter->startController()
 7 SYSTEMPATH\CodeIgniter.php(355): CodeIgniter\CodeIgniter->handleRequest(null, Object(Config\Cache), false)
 8 SYSTEMPATH\Boot.php(325): CodeIgniter\CodeIgniter->run()
 9 SYSTEMPATH\Boot.php(67): CodeIgniter\Boot::runCodeIgniter(Object(CodeIgniter\CodeIgniter))
10 FCPATH\index.php(56): CodeIgniter\Boot::bootWeb(Object(Config\Paths))
CRITICAL - 2024-11-13 16:44:47 --> Error: Class "campuswave\Common\Controllers\BaseController" not found
[Method: GET, Route: /]
in FCPATH\campuswave\Common\Controllers\HomeController.php on line 6.
 1 SYSTEMPATH\Autoloader\Autoloader.php(317): include_once()
 2 SYSTEMPATH\Autoloader\Autoloader.php(296): CodeIgniter\Autoloader\Autoloader->includeFile('C:\\xampp\\htdocs\\campuswave\\campuswave\\Common\\Controllers\\HomeController.php')
 3 SYSTEMPATH\Autoloader\Autoloader.php(272): CodeIgniter\Autoloader\Autoloader->loadInNamespace('Modules\\Common\\Controllers\\HomeController')
 4 [internal function]: CodeIgniter\Autoloader\Autoloader->loadClass('Modules\\Common\\Controllers\\HomeController')
 5 SYSTEMPATH\CodeIgniter.php(887): class_exists('\\Modules\\Common\\Controllers\\HomeController', true)
 6 SYSTEMPATH\CodeIgniter.php(496): CodeIgniter\CodeIgniter->startController()
 7 SYSTEMPATH\CodeIgniter.php(355): CodeIgniter\CodeIgniter->handleRequest(null, Object(Config\Cache), false)
 8 SYSTEMPATH\Boot.php(325): CodeIgniter\CodeIgniter->run()
 9 SYSTEMPATH\Boot.php(67): CodeIgniter\Boot::runCodeIgniter(Object(CodeIgniter\CodeIgniter))
10 FCPATH\index.php(56): CodeIgniter\Boot::bootWeb(Object(Config\Paths))
CRITICAL - 2024-11-13 16:44:47 --> Error: Class "campuswave\Common\Controllers\BaseController" not found
[Method: GET, Route: /]
in FCPATH\campuswave\Common\Controllers\HomeController.php on line 6.
 1 SYSTEMPATH\Autoloader\Autoloader.php(317): include_once()
 2 SYSTEMPATH\Autoloader\Autoloader.php(296): CodeIgniter\Autoloader\Autoloader->includeFile('C:\\xampp\\htdocs\\campuswave\\campuswave\\Common\\Controllers\\HomeController.php')
 3 SYSTEMPATH\Autoloader\Autoloader.php(272): CodeIgniter\Autoloader\Autoloader->loadInNamespace('Modules\\Common\\Controllers\\HomeController')
 4 [internal function]: CodeIgniter\Autoloader\Autoloader->loadClass('Modules\\Common\\Controllers\\HomeController')
 5 SYSTEMPATH\CodeIgniter.php(887): class_exists('\\Modules\\Common\\Controllers\\HomeController', true)
 6 SYSTEMPATH\CodeIgniter.php(496): CodeIgniter\CodeIgniter->startController()
 7 SYSTEMPATH\CodeIgniter.php(355): CodeIgniter\CodeIgniter->handleRequest(null, Object(Config\Cache), false)
 8 SYSTEMPATH\Boot.php(325): CodeIgniter\CodeIgniter->run()
 9 SYSTEMPATH\Boot.php(67): CodeIgniter\Boot::runCodeIgniter(Object(CodeIgniter\CodeIgniter))
10 FCPATH\index.php(56): CodeIgniter\Boot::bootWeb(Object(Config\Paths))
CRITICAL - 2024-11-13 16:44:47 --> Error: Class "campuswave\Common\Controllers\BaseController" not found
[Method: GET, Route: /]
in FCPATH\campuswave\Common\Controllers\HomeController.php on line 6.
 1 SYSTEMPATH\Autoloader\Autoloader.php(317): include_once()
 2 SYSTEMPATH\Autoloader\Autoloader.php(296): CodeIgniter\Autoloader\Autoloader->includeFile('C:\\xampp\\htdocs\\campuswave\\campuswave\\Common\\Controllers\\HomeController.php')
 3 SYSTEMPATH\Autoloader\Autoloader.php(272): CodeIgniter\Autoloader\Autoloader->loadInNamespace('Modules\\Common\\Controllers\\HomeController')
 4 [internal function]: CodeIgniter\Autoloader\Autoloader->loadClass('Modules\\Common\\Controllers\\HomeController')
 5 SYSTEMPATH\CodeIgniter.php(887): class_exists('\\Modules\\Common\\Controllers\\HomeController', true)
 6 SYSTEMPATH\CodeIgniter.php(496): CodeIgniter\CodeIgniter->startController()
 7 SYSTEMPATH\CodeIgniter.php(355): CodeIgniter\CodeIgniter->handleRequest(null, Object(Config\Cache), false)
 8 SYSTEMPATH\Boot.php(325): CodeIgniter\CodeIgniter->run()
 9 SYSTEMPATH\Boot.php(67): CodeIgniter\Boot::runCodeIgniter(Object(CodeIgniter\CodeIgniter))
10 FCPATH\index.php(56): CodeIgniter\Boot::bootWeb(Object(Config\Paths))
CRITICAL - 2024-11-13 16:44:47 --> Error: Class "campuswave\Common\Controllers\BaseController" not found
[Method: GET, Route: /]
in FCPATH\campuswave\Common\Controllers\HomeController.php on line 6.
 1 SYSTEMPATH\Autoloader\Autoloader.php(317): include_once()
 2 SYSTEMPATH\Autoloader\Autoloader.php(296): CodeIgniter\Autoloader\Autoloader->includeFile('C:\\xampp\\htdocs\\campuswave\\campuswave\\Common\\Controllers\\HomeController.php')
 3 SYSTEMPATH\Autoloader\Autoloader.php(272): CodeIgniter\Autoloader\Autoloader->loadInNamespace('Modules\\Common\\Controllers\\HomeController')
 4 [internal function]: CodeIgniter\Autoloader\Autoloader->loadClass('Modules\\Common\\Controllers\\HomeController')
 5 SYSTEMPATH\CodeIgniter.php(887): class_exists('\\Modules\\Common\\Controllers\\HomeController', true)
 6 SYSTEMPATH\CodeIgniter.php(496): CodeIgniter\CodeIgniter->startController()
 7 SYSTEMPATH\CodeIgniter.php(355): CodeIgniter\CodeIgniter->handleRequest(null, Object(Config\Cache), false)
 8 SYSTEMPATH\Boot.php(325): CodeIgniter\CodeIgniter->run()
 9 SYSTEMPATH\Boot.php(67): CodeIgniter\Boot::runCodeIgniter(Object(CodeIgniter\CodeIgniter))
10 FCPATH\index.php(56): CodeIgniter\Boot::bootWeb(Object(Config\Paths))
CRITICAL - 2024-11-13 16:44:48 --> Error: Class "campuswave\Common\Controllers\BaseController" not found
[Method: GET, Route: /]
in FCPATH\campuswave\Common\Controllers\HomeController.php on line 6.
 1 SYSTEMPATH\Autoloader\Autoloader.php(317): include_once()
 2 SYSTEMPATH\Autoloader\Autoloader.php(296): CodeIgniter\Autoloader\Autoloader->includeFile('C:\\xampp\\htdocs\\campuswave\\campuswave\\Common\\Controllers\\HomeController.php')
 3 SYSTEMPATH\Autoloader\Autoloader.php(272): CodeIgniter\Autoloader\Autoloader->loadInNamespace('Modules\\Common\\Controllers\\HomeController')
 4 [internal function]: CodeIgniter\Autoloader\Autoloader->loadClass('Modules\\Common\\Controllers\\HomeController')
 5 SYSTEMPATH\CodeIgniter.php(887): class_exists('\\Modules\\Common\\Controllers\\HomeController', true)
 6 SYSTEMPATH\CodeIgniter.php(496): CodeIgniter\CodeIgniter->startController()
 7 SYSTEMPATH\CodeIgniter.php(355): CodeIgniter\CodeIgniter->handleRequest(null, Object(Config\Cache), false)
 8 SYSTEMPATH\Boot.php(325): CodeIgniter\CodeIgniter->run()
 9 SYSTEMPATH\Boot.php(67): CodeIgniter\Boot::runCodeIgniter(Object(CodeIgniter\CodeIgniter))
10 FCPATH\index.php(56): CodeIgniter\Boot::bootWeb(Object(Config\Paths))
